{"C:\\Users\\Thufail\\Documents\\Hacktiv8\\p2\\IP\\IP-HCK82\\server folder\\app.js": {"path":"C:\\Users\\Thufail\\Documents\\Hacktiv8\\p2\\IP\\IP-HCK82\\server folder\\app.js","statementMap":{"0":{"start":{"line":1,"column":0},"end":{"line":3,"column":1}},"1":{"start":{"line":2,"column":2},"end":{"line":2,"column":29}},"2":{"start":{"line":4,"column":16},"end":{"line":4,"column":34}},"3":{"start":{"line":5,"column":12},"end":{"line":5,"column":21}},"4":{"start":{"line":6,"column":14},"end":{"line":6,"column":30}},"5":{"start":{"line":7,"column":17},"end":{"line":7,"column":36}},"6":{"start":{"line":8,"column":22},"end":{"line":8,"column":46}},"7":{"start":{"line":9,"column":21},"end":{"line":9,"column":58}},"8":{"start":{"line":10,"column":42},"end":{"line":10,"column":69}},"9":{"start":{"line":11,"column":20},"end":{"line":11,"column":58}},"10":{"start":{"line":12,"column":23},"end":{"line":12,"column":62}},"11":{"start":{"line":13,"column":13},"end":{"line":13,"column":28}},"12":{"start":{"line":14,"column":0},"end":{"line":14,"column":16}},"13":{"start":{"line":15,"column":25},"end":{"line":15,"column":55}},"14":{"start":{"line":16,"column":34},"end":{"line":16,"column":58}},"15":{"start":{"line":17,"column":11},"end":{"line":17,"column":24}},"16":{"start":{"line":18,"column":13},"end":{"line":18,"column":28}},"17":{"start":{"line":20,"column":15},"end":{"line":20,"column":33}},"18":{"start":{"line":21,"column":11},"end":{"line":21,"column":73}},"19":{"start":{"line":23,"column":0},"end":{"line":23,"column":24}},"20":{"start":{"line":24,"column":0},"end":{"line":24,"column":48}},"21":{"start":{"line":27,"column":0},"end":{"line":65,"column":3}},"22":{"start":{"line":28,"column":2},"end":{"line":64,"column":3}},"23":{"start":{"line":29,"column":32},"end":{"line":29,"column":40}},"24":{"start":{"line":31,"column":4},"end":{"line":33,"column":5}},"25":{"start":{"line":32,"column":6},"end":{"line":32,"column":65}},"26":{"start":{"line":34,"column":4},"end":{"line":36,"column":5}},"27":{"start":{"line":35,"column":6},"end":{"line":35,"column":68}},"28":{"start":{"line":38,"column":17},"end":{"line":42,"column":6}},"29":{"start":{"line":44,"column":4},"end":{"line":46,"column":5}},"30":{"start":{"line":45,"column":6},"end":{"line":45,"column":75}},"31":{"start":{"line":48,"column":20},"end":{"line":48,"column":60}},"32":{"start":{"line":49,"column":4},"end":{"line":51,"column":5}},"33":{"start":{"line":50,"column":6},"end":{"line":50,"column":75}},"34":{"start":{"line":53,"column":25},"end":{"line":57,"column":6}},"35":{"start":{"line":59,"column":4},"end":{"line":61,"column":7}},"36":{"start":{"line":63,"column":4},"end":{"line":63,"column":14}},"37":{"start":{"line":67,"column":0},"end":{"line":99,"column":3}},"38":{"start":{"line":68,"column":2},"end":{"line":98,"column":3}},"39":{"start":{"line":69,"column":28},"end":{"line":69,"column":36}},"40":{"start":{"line":70,"column":19},"end":{"line":73,"column":6}},"41":{"start":{"line":74,"column":20},"end":{"line":74,"column":39}},"42":{"start":{"line":75,"column":15},"end":{"line":79,"column":6}},"43":{"start":{"line":81,"column":4},"end":{"line":87,"column":5}},"44":{"start":{"line":82,"column":6},"end":{"line":86,"column":9}},"45":{"start":{"line":89,"column":25},"end":{"line":91,"column":6}},"46":{"start":{"line":93,"column":4},"end":{"line":95,"column":7}},"47":{"start":{"line":97,"column":4},"end":{"line":97,"column":16}},"48":{"start":{"line":101,"column":0},"end":{"line":127,"column":3}},"49":{"start":{"line":102,"column":2},"end":{"line":126,"column":3}},"50":{"start":{"line":103,"column":42},"end":{"line":103,"column":50}},"51":{"start":{"line":105,"column":4},"end":{"line":107,"column":5}},"52":{"start":{"line":106,"column":6},"end":{"line":106,"column":65}},"53":{"start":{"line":108,"column":4},"end":{"line":110,"column":5}},"54":{"start":{"line":109,"column":6},"end":{"line":109,"column":68}},"55":{"start":{"line":111,"column":4},"end":{"line":113,"column":5}},"56":{"start":{"line":112,"column":6},"end":{"line":112,"column":68}},"57":{"start":{"line":114,"column":17},"end":{"line":119,"column":6}},"58":{"start":{"line":120,"column":18},"end":{"line":120,"column":31}},"59":{"start":{"line":121,"column":4},"end":{"line":121,"column":26}},"60":{"start":{"line":123,"column":4},"end":{"line":123,"column":32}},"61":{"start":{"line":125,"column":4},"end":{"line":125,"column":14}},"62":{"start":{"line":129,"column":0},"end":{"line":143,"column":3}},"63":{"start":{"line":130,"column":2},"end":{"line":142,"column":3}},"64":{"start":{"line":131,"column":17},"end":{"line":133,"column":6}},"65":{"start":{"line":135,"column":4},"end":{"line":137,"column":5}},"66":{"start":{"line":136,"column":6},"end":{"line":136,"column":60}},"67":{"start":{"line":139,"column":4},"end":{"line":139,"column":31}},"68":{"start":{"line":141,"column":4},"end":{"line":141,"column":14}},"69":{"start":{"line":145,"column":0},"end":{"line":161,"column":3}},"70":{"start":{"line":146,"column":2},"end":{"line":160,"column":3}},"71":{"start":{"line":147,"column":19},"end":{"line":147,"column":29}},"72":{"start":{"line":149,"column":17},"end":{"line":149,"column":40}},"73":{"start":{"line":151,"column":4},"end":{"line":153,"column":5}},"74":{"start":{"line":152,"column":6},"end":{"line":152,"column":60}},"75":{"start":{"line":155,"column":4},"end":{"line":155,"column":25}},"76":{"start":{"line":157,"column":4},"end":{"line":157,"column":67}},"77":{"start":{"line":159,"column":4},"end":{"line":159,"column":14}},"78":{"start":{"line":163,"column":0},"end":{"line":193,"column":3}},"79":{"start":{"line":164,"column":2},"end":{"line":192,"column":3}},"80":{"start":{"line":165,"column":42},"end":{"line":165,"column":50}},"81":{"start":{"line":167,"column":4},"end":{"line":169,"column":5}},"82":{"start":{"line":168,"column":6},"end":{"line":168,"column":78}},"83":{"start":{"line":171,"column":17},"end":{"line":171,"column":49}},"84":{"start":{"line":173,"column":4},"end":{"line":175,"column":5}},"85":{"start":{"line":174,"column":6},"end":{"line":174,"column":60}},"86":{"start":{"line":177,"column":4},"end":{"line":177,"column":34}},"87":{"start":{"line":177,"column":15},"end":{"line":177,"column":34}},"88":{"start":{"line":178,"column":4},"end":{"line":178,"column":43}},"89":{"start":{"line":178,"column":18},"end":{"line":178,"column":43}},"90":{"start":{"line":179,"column":4},"end":{"line":179,"column":57}},"91":{"start":{"line":179,"column":18},"end":{"line":179,"column":57}},"92":{"start":{"line":181,"column":4},"end":{"line":181,"column":22}},"93":{"start":{"line":183,"column":19},"end":{"line":183,"column":32}},"94":{"start":{"line":184,"column":4},"end":{"line":184,"column":27}},"95":{"start":{"line":186,"column":4},"end":{"line":189,"column":7}},"96":{"start":{"line":191,"column":4},"end":{"line":191,"column":14}},"97":{"start":{"line":196,"column":0},"end":{"line":238,"column":3}},"98":{"start":{"line":197,"column":2},"end":{"line":237,"column":3}},"99":{"start":{"line":199,"column":39},"end":{"line":199,"column":47}},"100":{"start":{"line":201,"column":4},"end":{"line":203,"column":5}},"101":{"start":{"line":202,"column":6},"end":{"line":202,"column":74}},"102":{"start":{"line":206,"column":19},"end":{"line":212,"column":5}},"103":{"start":{"line":214,"column":21},"end":{"line":220,"column":6}},"104":{"start":{"line":222,"column":22},"end":{"line":222,"column":26}},"105":{"start":{"line":223,"column":4},"end":{"line":227,"column":5}},"106":{"start":{"line":224,"column":6},"end":{"line":226,"column":7}},"107":{"start":{"line":225,"column":8},"end":{"line":225,"column":43}},"108":{"start":{"line":229,"column":4},"end":{"line":231,"column":5}},"109":{"start":{"line":230,"column":6},"end":{"line":230,"column":67}},"110":{"start":{"line":233,"column":4},"end":{"line":233,"column":37}},"111":{"start":{"line":235,"column":4},"end":{"line":235,"column":54}},"112":{"start":{"line":236,"column":4},"end":{"line":236,"column":61}},"113":{"start":{"line":240,"column":0},"end":{"line":259,"column":3}},"114":{"start":{"line":241,"column":2},"end":{"line":258,"column":3}},"115":{"start":{"line":242,"column":28},"end":{"line":242,"column":37}},"116":{"start":{"line":243,"column":21},"end":{"line":251,"column":5}},"117":{"start":{"line":252,"column":23},"end":{"line":252,"column":36}},"118":{"start":{"line":254,"column":4},"end":{"line":254,"column":25}},"119":{"start":{"line":256,"column":4},"end":{"line":256,"column":75}},"120":{"start":{"line":257,"column":4},"end":{"line":257,"column":66}},"121":{"start":{"line":261,"column":0},"end":{"line":277,"column":3}},"122":{"start":{"line":262,"column":17},"end":{"line":262,"column":27}},"123":{"start":{"line":263,"column":2},"end":{"line":276,"column":3}},"124":{"start":{"line":264,"column":21},"end":{"line":266,"column":5}},"125":{"start":{"line":267,"column":22},"end":{"line":267,"column":35}},"126":{"start":{"line":269,"column":4},"end":{"line":269,"column":24}},"127":{"start":{"line":271,"column":4},"end":{"line":274,"column":6}},"128":{"start":{"line":275,"column":4},"end":{"line":275,"column":65}},"129":{"start":{"line":279,"column":0},"end":{"line":295,"column":3}},"130":{"start":{"line":280,"column":2},"end":{"line":294,"column":3}},"131":{"start":{"line":281,"column":28},"end":{"line":281,"column":37}},"132":{"start":{"line":282,"column":21},"end":{"line":287,"column":6}},"133":{"start":{"line":288,"column":23},"end":{"line":288,"column":36}},"134":{"start":{"line":290,"column":4},"end":{"line":290,"column":25}},"135":{"start":{"line":292,"column":4},"end":{"line":292,"column":75}},"136":{"start":{"line":293,"column":4},"end":{"line":293,"column":63}},"137":{"start":{"line":297,"column":0},"end":{"line":313,"column":3}},"138":{"start":{"line":298,"column":17},"end":{"line":298,"column":27}},"139":{"start":{"line":299,"column":2},"end":{"line":312,"column":3}},"140":{"start":{"line":300,"column":21},"end":{"line":302,"column":5}},"141":{"start":{"line":303,"column":22},"end":{"line":303,"column":35}},"142":{"start":{"line":305,"column":4},"end":{"line":305,"column":24}},"143":{"start":{"line":307,"column":4},"end":{"line":310,"column":6}},"144":{"start":{"line":311,"column":4},"end":{"line":311,"column":63}},"145":{"start":{"line":315,"column":0},"end":{"line":327,"column":3}},"146":{"start":{"line":316,"column":2},"end":{"line":326,"column":3}},"147":{"start":{"line":317,"column":21},"end":{"line":319,"column":5}},"148":{"start":{"line":320,"column":23},"end":{"line":320,"column":36}},"149":{"start":{"line":322,"column":4},"end":{"line":322,"column":25}},"150":{"start":{"line":324,"column":4},"end":{"line":324,"column":75}},"151":{"start":{"line":325,"column":4},"end":{"line":325,"column":71}},"152":{"start":{"line":329,"column":0},"end":{"line":345,"column":3}},"153":{"start":{"line":330,"column":17},"end":{"line":330,"column":27}},"154":{"start":{"line":331,"column":2},"end":{"line":344,"column":3}},"155":{"start":{"line":332,"column":21},"end":{"line":334,"column":5}},"156":{"start":{"line":335,"column":22},"end":{"line":335,"column":35}},"157":{"start":{"line":337,"column":4},"end":{"line":337,"column":24}},"158":{"start":{"line":339,"column":4},"end":{"line":342,"column":6}},"159":{"start":{"line":343,"column":4},"end":{"line":343,"column":71}},"160":{"start":{"line":348,"column":0},"end":{"line":348,"column":22}},"161":{"start":{"line":350,"column":0},"end":{"line":350,"column":21}}},"fnMap":{"0":{"name":"(anonymous_0)","decl":{"start":{"line":27,"column":19},"end":{"line":27,"column":20}},"loc":{"start":{"line":27,"column":45},"end":{"line":65,"column":1}},"line":27},"1":{"name":"(anonymous_1)","decl":{"start":{"line":67,"column":26},"end":{"line":67,"column":27}},"loc":{"start":{"line":67,"column":52},"end":{"line":99,"column":1}},"line":67},"2":{"name":"(anonymous_2)","decl":{"start":{"line":101,"column":22},"end":{"line":101,"column":23}},"loc":{"start":{"line":101,"column":48},"end":{"line":127,"column":1}},"line":101},"3":{"name":"(anonymous_3)","decl":{"start":{"line":129,"column":42},"end":{"line":129,"column":43}},"loc":{"start":{"line":129,"column":68},"end":{"line":143,"column":1}},"line":129},"4":{"name":"(anonymous_4)","decl":{"start":{"line":145,"column":41},"end":{"line":145,"column":42}},"loc":{"start":{"line":145,"column":67},"end":{"line":161,"column":1}},"line":145},"5":{"name":"(anonymous_5)","decl":{"start":{"line":163,"column":41},"end":{"line":163,"column":42}},"loc":{"start":{"line":163,"column":67},"end":{"line":193,"column":1}},"line":163},"6":{"name":"(anonymous_6)","decl":{"start":{"line":196,"column":20},"end":{"line":196,"column":21}},"loc":{"start":{"line":196,"column":40},"end":{"line":238,"column":1}},"line":196},"7":{"name":"(anonymous_7)","decl":{"start":{"line":240,"column":39},"end":{"line":240,"column":40}},"loc":{"start":{"line":240,"column":59},"end":{"line":259,"column":1}},"line":240},"8":{"name":"(anonymous_8)","decl":{"start":{"line":261,"column":43},"end":{"line":261,"column":44}},"loc":{"start":{"line":261,"column":63},"end":{"line":277,"column":1}},"line":261},"9":{"name":"(anonymous_9)","decl":{"start":{"line":279,"column":36},"end":{"line":279,"column":37}},"loc":{"start":{"line":279,"column":56},"end":{"line":295,"column":1}},"line":279},"10":{"name":"(anonymous_10)","decl":{"start":{"line":297,"column":40},"end":{"line":297,"column":41}},"loc":{"start":{"line":297,"column":60},"end":{"line":313,"column":1}},"line":297},"11":{"name":"(anonymous_11)","decl":{"start":{"line":315,"column":44},"end":{"line":315,"column":45}},"loc":{"start":{"line":315,"column":64},"end":{"line":327,"column":1}},"line":315},"12":{"name":"(anonymous_12)","decl":{"start":{"line":329,"column":48},"end":{"line":329,"column":49}},"loc":{"start":{"line":329,"column":68},"end":{"line":345,"column":1}},"line":329}},"branchMap":{"0":{"loc":{"start":{"line":1,"column":0},"end":{"line":3,"column":1}},"type":"if","locations":[{"start":{"line":1,"column":0},"end":{"line":3,"column":1}},{"start":{},"end":{}}],"line":1},"1":{"loc":{"start":{"line":31,"column":4},"end":{"line":33,"column":5}},"type":"if","locations":[{"start":{"line":31,"column":4},"end":{"line":33,"column":5}},{"start":{},"end":{}}],"line":31},"2":{"loc":{"start":{"line":34,"column":4},"end":{"line":36,"column":5}},"type":"if","locations":[{"start":{"line":34,"column":4},"end":{"line":36,"column":5}},{"start":{},"end":{}}],"line":34},"3":{"loc":{"start":{"line":44,"column":4},"end":{"line":46,"column":5}},"type":"if","locations":[{"start":{"line":44,"column":4},"end":{"line":46,"column":5}},{"start":{},"end":{}}],"line":44},"4":{"loc":{"start":{"line":49,"column":4},"end":{"line":51,"column":5}},"type":"if","locations":[{"start":{"line":49,"column":4},"end":{"line":51,"column":5}},{"start":{},"end":{}}],"line":49},"5":{"loc":{"start":{"line":81,"column":4},"end":{"line":87,"column":5}},"type":"if","locations":[{"start":{"line":81,"column":4},"end":{"line":87,"column":5}},{"start":{},"end":{}}],"line":81},"6":{"loc":{"start":{"line":105,"column":4},"end":{"line":107,"column":5}},"type":"if","locations":[{"start":{"line":105,"column":4},"end":{"line":107,"column":5}},{"start":{},"end":{}}],"line":105},"7":{"loc":{"start":{"line":108,"column":4},"end":{"line":110,"column":5}},"type":"if","locations":[{"start":{"line":108,"column":4},"end":{"line":110,"column":5}},{"start":{},"end":{}}],"line":108},"8":{"loc":{"start":{"line":111,"column":4},"end":{"line":113,"column":5}},"type":"if","locations":[{"start":{"line":111,"column":4},"end":{"line":113,"column":5}},{"start":{},"end":{}}],"line":111},"9":{"loc":{"start":{"line":135,"column":4},"end":{"line":137,"column":5}},"type":"if","locations":[{"start":{"line":135,"column":4},"end":{"line":137,"column":5}},{"start":{},"end":{}}],"line":135},"10":{"loc":{"start":{"line":151,"column":4},"end":{"line":153,"column":5}},"type":"if","locations":[{"start":{"line":151,"column":4},"end":{"line":153,"column":5}},{"start":{},"end":{}}],"line":151},"11":{"loc":{"start":{"line":167,"column":4},"end":{"line":169,"column":5}},"type":"if","locations":[{"start":{"line":167,"column":4},"end":{"line":169,"column":5}},{"start":{},"end":{}}],"line":167},"12":{"loc":{"start":{"line":167,"column":8},"end":{"line":167,"column":40}},"type":"binary-expr","locations":[{"start":{"line":167,"column":8},"end":{"line":167,"column":14}},{"start":{"line":167,"column":18},"end":{"line":167,"column":27}},{"start":{"line":167,"column":31},"end":{"line":167,"column":40}}],"line":167},"13":{"loc":{"start":{"line":173,"column":4},"end":{"line":175,"column":5}},"type":"if","locations":[{"start":{"line":173,"column":4},"end":{"line":175,"column":5}},{"start":{},"end":{}}],"line":173},"14":{"loc":{"start":{"line":177,"column":4},"end":{"line":177,"column":34}},"type":"if","locations":[{"start":{"line":177,"column":4},"end":{"line":177,"column":34}},{"start":{},"end":{}}],"line":177},"15":{"loc":{"start":{"line":178,"column":4},"end":{"line":178,"column":43}},"type":"if","locations":[{"start":{"line":178,"column":4},"end":{"line":178,"column":43}},{"start":{},"end":{}}],"line":178},"16":{"loc":{"start":{"line":179,"column":4},"end":{"line":179,"column":57}},"type":"if","locations":[{"start":{"line":179,"column":4},"end":{"line":179,"column":57}},{"start":{},"end":{}}],"line":179},"17":{"loc":{"start":{"line":201,"column":4},"end":{"line":203,"column":5}},"type":"if","locations":[{"start":{"line":201,"column":4},"end":{"line":203,"column":5}},{"start":{},"end":{}}],"line":201},"18":{"loc":{"start":{"line":201,"column":8},"end":{"line":201,"column":34}},"type":"binary-expr","locations":[{"start":{"line":201,"column":8},"end":{"line":201,"column":19}},{"start":{"line":201,"column":23},"end":{"line":201,"column":34}}],"line":201},"19":{"loc":{"start":{"line":224,"column":6},"end":{"line":226,"column":7}},"type":"if","locations":[{"start":{"line":224,"column":6},"end":{"line":226,"column":7}},{"start":{},"end":{}}],"line":224},"20":{"loc":{"start":{"line":229,"column":4},"end":{"line":231,"column":5}},"type":"if","locations":[{"start":{"line":229,"column":4},"end":{"line":231,"column":5}},{"start":{},"end":{}}],"line":229}},"s":{"0":3,"1":3,"2":3,"3":3,"4":3,"5":3,"6":3,"7":3,"8":3,"9":3,"10":3,"11":3,"12":3,"13":3,"14":3,"15":3,"16":3,"17":3,"18":3,"19":3,"20":3,"21":3,"22":9,"23":9,"24":9,"25":2,"26":7,"27":2,"28":5,"29":5,"30":2,"31":3,"32":3,"33":2,"34":1,"35":1,"36":8,"37":3,"38":1,"39":1,"40":1,"41":1,"42":1,"43":1,"44":1,"45":1,"46":0,"47":1,"48":3,"49":9,"50":9,"51":9,"52":2,"53":7,"54":2,"55":5,"56":3,"57":2,"58":1,"59":1,"60":1,"61":8,"62":3,"63":0,"64":0,"65":0,"66":0,"67":0,"68":0,"69":3,"70":4,"71":4,"72":4,"73":2,"74":1,"75":1,"76":1,"77":3,"78":3,"79":4,"80":4,"81":4,"82":1,"83":3,"84":2,"85":1,"86":1,"87":1,"88":1,"89":1,"90":1,"91":1,"92":1,"93":1,"94":1,"95":1,"96":3,"97":3,"98":7,"99":7,"100":7,"101":2,"102":5,"103":5,"104":3,"105":3,"106":3,"107":2,"108":3,"109":1,"110":2,"111":2,"112":2,"113":3,"114":2,"115":2,"116":2,"117":1,"118":1,"119":1,"120":1,"121":3,"122":2,"123":2,"124":2,"125":1,"126":1,"127":1,"128":1,"129":3,"130":2,"131":2,"132":2,"133":1,"134":1,"135":1,"136":1,"137":3,"138":2,"139":2,"140":2,"141":1,"142":1,"143":1,"144":1,"145":3,"146":2,"147":2,"148":1,"149":1,"150":1,"151":1,"152":3,"153":2,"154":2,"155":2,"156":1,"157":1,"158":1,"159":1,"160":3,"161":3},"f":{"0":9,"1":1,"2":9,"3":0,"4":4,"5":4,"6":7,"7":2,"8":2,"9":2,"10":2,"11":2,"12":2},"b":{"0":[3,0],"1":[2,7],"2":[2,5],"3":[2,3],"4":[2,1],"5":[1,0],"6":[2,7],"7":[2,5],"8":[3,2],"9":[0,0],"10":[1,1],"11":[1,3],"12":[4,1,1],"13":[1,1],"14":[1,0],"15":[1,0],"16":[1,0],"17":[2,5],"18":[7,7],"19":[2,1],"20":[1,2]},"_coverageSchema":"1a1c01bbd47fc00a2c39e90264f33305004495a9","hash":"16c30ebb31d1b3779d5a9ce96d308b08eda60276"}
,"C:\\Users\\Thufail\\Documents\\Hacktiv8\\p2\\IP\\IP-HCK82\\server folder\\helpers\\bcrypt.js": {"path":"C:\\Users\\Thufail\\Documents\\Hacktiv8\\p2\\IP\\IP-HCK82\\server folder\\helpers\\bcrypt.js","statementMap":{"0":{"start":{"line":1,"column":15},"end":{"line":1,"column":34}},"1":{"start":{"line":2,"column":21},"end":{"line":5,"column":1}},"2":{"start":{"line":3,"column":15},"end":{"line":3,"column":37}},"3":{"start":{"line":4,"column":2},"end":{"line":4,"column":40}},"4":{"start":{"line":7,"column":24},"end":{"line":9,"column":1}},"5":{"start":{"line":8,"column":2},"end":{"line":8,"column":53}},"6":{"start":{"line":11,"column":0},"end":{"line":14,"column":1}}},"fnMap":{"0":{"name":"(anonymous_0)","decl":{"start":{"line":2,"column":21},"end":{"line":2,"column":22}},"loc":{"start":{"line":2,"column":35},"end":{"line":5,"column":1}},"line":2},"1":{"name":"(anonymous_1)","decl":{"start":{"line":7,"column":24},"end":{"line":7,"column":25}},"loc":{"start":{"line":7,"column":54},"end":{"line":9,"column":1}},"line":7}},"branchMap":{},"s":{"0":6,"1":6,"2":2,"3":2,"4":6,"5":3,"6":6},"f":{"0":2,"1":3},"b":{},"_coverageSchema":"1a1c01bbd47fc00a2c39e90264f33305004495a9","hash":"5b65cb21fc987678cbc0912b6db6d97e3f2cec34"}
,"C:\\Users\\Thufail\\Documents\\Hacktiv8\\p2\\IP\\IP-HCK82\\server folder\\helpers\\jwt.js": {"path":"C:\\Users\\Thufail\\Documents\\Hacktiv8\\p2\\IP\\IP-HCK82\\server folder\\helpers\\jwt.js","statementMap":{"0":{"start":{"line":1,"column":25},"end":{"line":1,"column":48}},"1":{"start":{"line":5,"column":19},"end":{"line":5,"column":41}},"2":{"start":{"line":10,"column":2},"end":{"line":10,"column":46}},"3":{"start":{"line":16,"column":2},"end":{"line":16,"column":34}},"4":{"start":{"line":19,"column":0},"end":{"line":21,"column":1}}},"fnMap":{"0":{"name":"signToken","decl":{"start":{"line":9,"column":9},"end":{"line":9,"column":18}},"loc":{"start":{"line":9,"column":40},"end":{"line":11,"column":1}},"line":9},"1":{"name":"verifyToken","decl":{"start":{"line":15,"column":9},"end":{"line":15,"column":20}},"loc":{"start":{"line":15,"column":28},"end":{"line":17,"column":1}},"line":15}},"branchMap":{},"s":{"0":4,"1":4,"2":1,"3":2,"4":4},"f":{"0":1,"1":2},"b":{},"_coverageSchema":"1a1c01bbd47fc00a2c39e90264f33305004495a9","hash":"599a0bcfef0e1855ac554de2c0dce27320c226cd"}
,"C:\\Users\\Thufail\\Documents\\Hacktiv8\\p2\\IP\\IP-HCK82\\server folder\\middlewares\\authentication.js": {"path":"C:\\Users\\Thufail\\Documents\\Hacktiv8\\p2\\IP\\IP-HCK82\\server folder\\middlewares\\authentication.js","statementMap":{"0":{"start":{"line":1,"column":23},"end":{"line":1,"column":48}},"1":{"start":{"line":2,"column":17},"end":{"line":2,"column":37}},"2":{"start":{"line":5,"column":4},"end":{"line":37,"column":5}},"3":{"start":{"line":6,"column":34},"end":{"line":6,"column":45}},"4":{"start":{"line":8,"column":8},"end":{"line":10,"column":9}},"5":{"start":{"line":9,"column":12},"end":{"line":9,"column":67}},"6":{"start":{"line":12,"column":25},"end":{"line":12,"column":49}},"7":{"start":{"line":13,"column":26},"end":{"line":13,"column":37}},"8":{"start":{"line":14,"column":27},"end":{"line":14,"column":38}},"9":{"start":{"line":16,"column":8},"end":{"line":18,"column":9}},"10":{"start":{"line":17,"column":12},"end":{"line":17,"column":67}},"11":{"start":{"line":20,"column":22},"end":{"line":20,"column":45}},"12":{"start":{"line":21,"column":21},"end":{"line":21,"column":50}},"13":{"start":{"line":23,"column":8},"end":{"line":25,"column":9}},"14":{"start":{"line":24,"column":12},"end":{"line":24,"column":67}},"15":{"start":{"line":27,"column":8},"end":{"line":30,"column":9}},"16":{"start":{"line":34,"column":8},"end":{"line":34,"column":14}},"17":{"start":{"line":36,"column":8},"end":{"line":36,"column":19}},"18":{"start":{"line":40,"column":0},"end":{"line":40,"column":31}}},"fnMap":{"0":{"name":"authentication","decl":{"start":{"line":4,"column":15},"end":{"line":4,"column":29}},"loc":{"start":{"line":4,"column":46},"end":{"line":38,"column":1}},"line":4}},"branchMap":{"0":{"loc":{"start":{"line":8,"column":8},"end":{"line":10,"column":9}},"type":"if","locations":[{"start":{"line":8,"column":8},"end":{"line":10,"column":9}},{"start":{},"end":{}}],"line":8},"1":{"loc":{"start":{"line":16,"column":8},"end":{"line":18,"column":9}},"type":"if","locations":[{"start":{"line":16,"column":8},"end":{"line":18,"column":9}},{"start":{},"end":{}}],"line":16},"2":{"loc":{"start":{"line":16,"column":12},"end":{"line":16,"column":49}},"type":"binary-expr","locations":[{"start":{"line":16,"column":12},"end":{"line":16,"column":34}},{"start":{"line":16,"column":38},"end":{"line":16,"column":49}}],"line":16},"3":{"loc":{"start":{"line":23,"column":8},"end":{"line":25,"column":9}},"type":"if","locations":[{"start":{"line":23,"column":8},"end":{"line":25,"column":9}},{"start":{},"end":{}}],"line":23}},"s":{"0":2,"1":2,"2":6,"3":6,"4":6,"5":2,"6":4,"7":4,"8":4,"9":4,"10":1,"11":3,"12":2,"13":2,"14":1,"15":1,"16":1,"17":5,"18":2},"f":{"0":6},"b":{"0":[2,4],"1":[1,3],"2":[4,3],"3":[1,1]},"_coverageSchema":"1a1c01bbd47fc00a2c39e90264f33305004495a9","hash":"94d503e8bbcda8a761af8506d0b0618e9625c1ca"}
,"C:\\Users\\Thufail\\Documents\\Hacktiv8\\p2\\IP\\IP-HCK82\\server folder\\middlewares\\authorization.js": {"path":"C:\\Users\\Thufail\\Documents\\Hacktiv8\\p2\\IP\\IP-HCK82\\server folder\\middlewares\\authorization.js","statementMap":{"0":{"start":{"line":2,"column":2},"end":{"line":10,"column":3}},"1":{"start":{"line":3,"column":4},"end":{"line":7,"column":5}},"2":{"start":{"line":4,"column":6},"end":{"line":4,"column":13}},"3":{"start":{"line":6,"column":6},"end":{"line":6,"column":68}},"4":{"start":{"line":9,"column":4},"end":{"line":9,"column":16}},"5":{"start":{"line":13,"column":0},"end":{"line":13,"column":29}}},"fnMap":{"0":{"name":"isAdmin","decl":{"start":{"line":1,"column":9},"end":{"line":1,"column":16}},"loc":{"start":{"line":1,"column":33},"end":{"line":11,"column":1}},"line":1}},"branchMap":{"0":{"loc":{"start":{"line":3,"column":4},"end":{"line":7,"column":5}},"type":"if","locations":[{"start":{"line":3,"column":4},"end":{"line":7,"column":5}},{"start":{"line":5,"column":11},"end":{"line":7,"column":5}}],"line":3}},"s":{"0":2,"1":2,"2":1,"3":1,"4":1,"5":2},"f":{"0":2},"b":{"0":[1,1]},"_coverageSchema":"1a1c01bbd47fc00a2c39e90264f33305004495a9","hash":"04db759f319bec1ed71bdcc9a32cd7981cc01e2f"}
,"C:\\Users\\Thufail\\Documents\\Hacktiv8\\p2\\IP\\IP-HCK82\\server folder\\middlewares\\errorHandler.js": {"path":"C:\\Users\\Thufail\\Documents\\Hacktiv8\\p2\\IP\\IP-HCK82\\server folder\\middlewares\\errorHandler.js","statementMap":{"0":{"start":{"line":8,"column":4},"end":{"line":10,"column":5}},"1":{"start":{"line":9,"column":8},"end":{"line":9,"column":71}},"2":{"start":{"line":12,"column":4},"end":{"line":14,"column":5}},"3":{"start":{"line":13,"column":8},"end":{"line":13,"column":61}},"4":{"start":{"line":16,"column":4},"end":{"line":18,"column":5}},"5":{"start":{"line":17,"column":8},"end":{"line":17,"column":61}},"6":{"start":{"line":20,"column":4},"end":{"line":22,"column":5}},"7":{"start":{"line":21,"column":8},"end":{"line":21,"column":65}},"8":{"start":{"line":24,"column":4},"end":{"line":26,"column":5}},"9":{"start":{"line":25,"column":8},"end":{"line":25,"column":61}},"10":{"start":{"line":28,"column":4},"end":{"line":30,"column":5}},"11":{"start":{"line":29,"column":8},"end":{"line":29,"column":60}},"12":{"start":{"line":32,"column":4},"end":{"line":32,"column":62}},"13":{"start":{"line":36,"column":0},"end":{"line":36,"column":29}}},"fnMap":{"0":{"name":"errorHandler","decl":{"start":{"line":1,"column":9},"end":{"line":1,"column":21}},"loc":{"start":{"line":1,"column":43},"end":{"line":34,"column":1}},"line":1}},"branchMap":{"0":{"loc":{"start":{"line":8,"column":4},"end":{"line":10,"column":5}},"type":"if","locations":[{"start":{"line":8,"column":4},"end":{"line":10,"column":5}},{"start":{},"end":{}}],"line":8},"1":{"loc":{"start":{"line":8,"column":8},"end":{"line":8,"column":96}},"type":"binary-expr","locations":[{"start":{"line":8,"column":8},"end":{"line":8,"column":47}},{"start":{"line":8,"column":51},"end":{"line":8,"column":96}}],"line":8},"2":{"loc":{"start":{"line":12,"column":4},"end":{"line":14,"column":5}},"type":"if","locations":[{"start":{"line":12,"column":4},"end":{"line":14,"column":5}},{"start":{},"end":{}}],"line":12},"3":{"loc":{"start":{"line":16,"column":4},"end":{"line":18,"column":5}},"type":"if","locations":[{"start":{"line":16,"column":4},"end":{"line":18,"column":5}},{"start":{},"end":{}}],"line":16},"4":{"loc":{"start":{"line":20,"column":4},"end":{"line":22,"column":5}},"type":"if","locations":[{"start":{"line":20,"column":4},"end":{"line":22,"column":5}},{"start":{},"end":{}}],"line":20},"5":{"loc":{"start":{"line":24,"column":4},"end":{"line":26,"column":5}},"type":"if","locations":[{"start":{"line":24,"column":4},"end":{"line":26,"column":5}},{"start":{},"end":{}}],"line":24},"6":{"loc":{"start":{"line":28,"column":4},"end":{"line":30,"column":5}},"type":"if","locations":[{"start":{"line":28,"column":4},"end":{"line":30,"column":5}},{"start":{},"end":{}}],"line":28}},"s":{"0":30,"1":1,"2":29,"3":13,"4":16,"5":6,"6":10,"7":0,"8":10,"9":1,"10":9,"11":3,"12":6,"13":4},"f":{"0":30},"b":{"0":[1,29],"1":[30,29],"2":[13,16],"3":[6,10],"4":[0,10],"5":[1,9],"6":[3,6]},"_coverageSchema":"1a1c01bbd47fc00a2c39e90264f33305004495a9","hash":"65ac6278b597953e6e1b5ed7528eb40b9e379054"}
,"C:\\Users\\Thufail\\Documents\\Hacktiv8\\p2\\IP\\IP-HCK82\\server folder\\models\\index.js": {"path":"C:\\Users\\Thufail\\Documents\\Hacktiv8\\p2\\IP\\IP-HCK82\\server folder\\models\\index.js","statementMap":{"0":{"start":{"line":3,"column":11},"end":{"line":3,"column":24}},"1":{"start":{"line":4,"column":13},"end":{"line":4,"column":28}},"2":{"start":{"line":5,"column":18},"end":{"line":5,"column":38}},"3":{"start":{"line":6,"column":16},"end":{"line":6,"column":34}},"4":{"start":{"line":7,"column":17},"end":{"line":7,"column":42}},"5":{"start":{"line":8,"column":12},"end":{"line":8,"column":49}},"6":{"start":{"line":9,"column":15},"end":{"line":9,"column":65}},"7":{"start":{"line":10,"column":11},"end":{"line":10,"column":13}},"8":{"start":{"line":13,"column":0},"end":{"line":17,"column":1}},"9":{"start":{"line":14,"column":2},"end":{"line":14,"column":74}},"10":{"start":{"line":16,"column":2},"end":{"line":16,"column":87}},"11":{"start":{"line":19,"column":0},"end":{"line":32,"column":5}},"12":{"start":{"line":22,"column":4},"end":{"line":27,"column":6}},"13":{"start":{"line":30,"column":18},"end":{"line":30,"column":85}},"14":{"start":{"line":31,"column":4},"end":{"line":31,"column":27}},"15":{"start":{"line":34,"column":0},"end":{"line":38,"column":3}},"16":{"start":{"line":35,"column":2},"end":{"line":37,"column":3}},"17":{"start":{"line":36,"column":4},"end":{"line":36,"column":32}},"18":{"start":{"line":40,"column":0},"end":{"line":40,"column":25}},"19":{"start":{"line":41,"column":0},"end":{"line":41,"column":25}},"20":{"start":{"line":43,"column":0},"end":{"line":43,"column":20}}},"fnMap":{"0":{"name":"(anonymous_0)","decl":{"start":{"line":21,"column":10},"end":{"line":21,"column":11}},"loc":{"start":{"line":21,"column":18},"end":{"line":28,"column":3}},"line":21},"1":{"name":"(anonymous_1)","decl":{"start":{"line":29,"column":11},"end":{"line":29,"column":12}},"loc":{"start":{"line":29,"column":19},"end":{"line":32,"column":3}},"line":29},"2":{"name":"(anonymous_2)","decl":{"start":{"line":34,"column":24},"end":{"line":34,"column":25}},"loc":{"start":{"line":34,"column":37},"end":{"line":38,"column":1}},"line":34}},"branchMap":{"0":{"loc":{"start":{"line":8,"column":12},"end":{"line":8,"column":49}},"type":"binary-expr","locations":[{"start":{"line":8,"column":12},"end":{"line":8,"column":32}},{"start":{"line":8,"column":36},"end":{"line":8,"column":49}}],"line":8},"1":{"loc":{"start":{"line":13,"column":0},"end":{"line":17,"column":1}},"type":"if","locations":[{"start":{"line":13,"column":0},"end":{"line":17,"column":1}},{"start":{"line":15,"column":7},"end":{"line":17,"column":1}}],"line":13},"2":{"loc":{"start":{"line":23,"column":6},"end":{"line":26,"column":37}},"type":"binary-expr","locations":[{"start":{"line":23,"column":6},"end":{"line":23,"column":29}},{"start":{"line":24,"column":6},"end":{"line":24,"column":23}},{"start":{"line":25,"column":6},"end":{"line":25,"column":30}},{"start":{"line":26,"column":6},"end":{"line":26,"column":37}}],"line":23},"3":{"loc":{"start":{"line":35,"column":2},"end":{"line":37,"column":3}},"type":"if","locations":[{"start":{"line":35,"column":2},"end":{"line":37,"column":3}},{"start":{},"end":{}}],"line":35}},"s":{"0":4,"1":4,"2":4,"3":4,"4":4,"5":4,"6":4,"7":4,"8":4,"9":0,"10":4,"11":4,"12":8,"13":4,"14":4,"15":4,"16":4,"17":4,"18":4,"19":4,"20":4},"f":{"0":8,"1":4,"2":4},"b":{"0":[4,0],"1":[0,4],"2":[8,8,4,4],"3":[4,0]},"_coverageSchema":"1a1c01bbd47fc00a2c39e90264f33305004495a9","hash":"a56b986df0dfe8cfa6505e9aa51ee071d0f74708"}
,"C:\\Users\\Thufail\\Documents\\Hacktiv8\\p2\\IP\\IP-HCK82\\server folder\\models\\user.js": {"path":"C:\\Users\\Thufail\\Documents\\Hacktiv8\\p2\\IP\\IP-HCK82\\server folder\\models\\user.js","statementMap":{"0":{"start":{"line":4,"column":4},"end":{"line":4,"column":24}},"1":{"start":{"line":5,"column":25},"end":{"line":5,"column":53}},"2":{"start":{"line":6,"column":0},"end":{"line":82,"column":2}},"3":{"start":{"line":17,"column":2},"end":{"line":77,"column":5}},"4":{"start":{"line":78,"column":2},"end":{"line":80,"column":4}},"5":{"start":{"line":79,"column":4},"end":{"line":79,"column":47}},"6":{"start":{"line":81,"column":2},"end":{"line":81,"column":14}}},"fnMap":{"0":{"name":"(anonymous_0)","decl":{"start":{"line":6,"column":17},"end":{"line":6,"column":18}},"loc":{"start":{"line":6,"column":43},"end":{"line":82,"column":1}},"line":6},"1":{"name":"(anonymous_1)","decl":{"start":{"line":13,"column":4},"end":{"line":13,"column":5}},"loc":{"start":{"line":13,"column":29},"end":{"line":15,"column":5}},"line":13},"2":{"name":"(anonymous_2)","decl":{"start":{"line":78,"column":20},"end":{"line":78,"column":21}},"loc":{"start":{"line":78,"column":30},"end":{"line":80,"column":3}},"line":78}},"branchMap":{},"s":{"0":4,"1":4,"2":4,"3":4,"4":4,"5":0,"6":4},"f":{"0":4,"1":4,"2":0},"b":{},"_coverageSchema":"1a1c01bbd47fc00a2c39e90264f33305004495a9","hash":"95846f8ee43897af5ce4a151ee3bd41e5b4f83e1"}
}
