{"C:\\Users\\Thufail\\Documents\\Hacktiv8\\p2\\IP\\IP-HCK82\\server folder\\app.js": {"path":"C:\\Users\\Thufail\\Documents\\Hacktiv8\\p2\\IP\\IP-HCK82\\server folder\\app.js","statementMap":{"0":{"start":{"line":1,"column":0},"end":{"line":3,"column":1}},"1":{"start":{"line":2,"column":2},"end":{"line":2,"column":29}},"2":{"start":{"line":4,"column":16},"end":{"line":4,"column":34}},"3":{"start":{"line":5,"column":12},"end":{"line":5,"column":21}},"4":{"start":{"line":6,"column":14},"end":{"line":6,"column":30}},"5":{"start":{"line":7,"column":17},"end":{"line":7,"column":36}},"6":{"start":{"line":8,"column":22},"end":{"line":8,"column":46}},"7":{"start":{"line":9,"column":21},"end":{"line":9,"column":58}},"8":{"start":{"line":10,"column":42},"end":{"line":10,"column":69}},"9":{"start":{"line":11,"column":20},"end":{"line":11,"column":58}},"10":{"start":{"line":12,"column":23},"end":{"line":12,"column":62}},"11":{"start":{"line":15,"column":0},"end":{"line":15,"column":24}},"12":{"start":{"line":16,"column":0},"end":{"line":16,"column":48}},"13":{"start":{"line":19,"column":0},"end":{"line":57,"column":3}},"14":{"start":{"line":20,"column":2},"end":{"line":56,"column":3}},"15":{"start":{"line":21,"column":32},"end":{"line":21,"column":40}},"16":{"start":{"line":23,"column":4},"end":{"line":25,"column":5}},"17":{"start":{"line":24,"column":6},"end":{"line":24,"column":65}},"18":{"start":{"line":26,"column":4},"end":{"line":28,"column":5}},"19":{"start":{"line":27,"column":6},"end":{"line":27,"column":68}},"20":{"start":{"line":30,"column":17},"end":{"line":34,"column":6}},"21":{"start":{"line":36,"column":4},"end":{"line":38,"column":5}},"22":{"start":{"line":37,"column":6},"end":{"line":37,"column":75}},"23":{"start":{"line":40,"column":20},"end":{"line":40,"column":60}},"24":{"start":{"line":41,"column":4},"end":{"line":43,"column":5}},"25":{"start":{"line":42,"column":6},"end":{"line":42,"column":75}},"26":{"start":{"line":45,"column":25},"end":{"line":49,"column":6}},"27":{"start":{"line":51,"column":4},"end":{"line":53,"column":7}},"28":{"start":{"line":55,"column":4},"end":{"line":55,"column":14}},"29":{"start":{"line":59,"column":0},"end":{"line":84,"column":2}},"30":{"start":{"line":60,"column":2},"end":{"line":83,"column":1}},"31":{"start":{"line":61,"column":40},"end":{"line":61,"column":48}},"32":{"start":{"line":63,"column":4},"end":{"line":65,"column":5}},"33":{"start":{"line":64,"column":6},"end":{"line":64,"column":65}},"34":{"start":{"line":66,"column":4},"end":{"line":68,"column":5}},"35":{"start":{"line":67,"column":6},"end":{"line":67,"column":68}},"36":{"start":{"line":69,"column":4},"end":{"line":71,"column":5}},"37":{"start":{"line":70,"column":6},"end":{"line":70,"column":68}},"38":{"start":{"line":72,"column":17},"end":{"line":76,"column":6}},"39":{"start":{"line":77,"column":18},"end":{"line":77,"column":31}},"40":{"start":{"line":78,"column":4},"end":{"line":78,"column":25}},"41":{"start":{"line":80,"column":4},"end":{"line":80,"column":31}},"42":{"start":{"line":82,"column":4},"end":{"line":82,"column":13}},"43":{"start":{"line":86,"column":0},"end":{"line":102,"column":3}},"44":{"start":{"line":87,"column":2},"end":{"line":101,"column":3}},"45":{"start":{"line":88,"column":19},"end":{"line":88,"column":29}},"46":{"start":{"line":90,"column":17},"end":{"line":90,"column":40}},"47":{"start":{"line":92,"column":4},"end":{"line":94,"column":5}},"48":{"start":{"line":93,"column":6},"end":{"line":93,"column":60}},"49":{"start":{"line":96,"column":4},"end":{"line":96,"column":25}},"50":{"start":{"line":98,"column":4},"end":{"line":98,"column":67}},"51":{"start":{"line":100,"column":4},"end":{"line":100,"column":14}},"52":{"start":{"line":104,"column":0},"end":{"line":130,"column":3}},"53":{"start":{"line":105,"column":2},"end":{"line":129,"column":3}},"54":{"start":{"line":106,"column":42},"end":{"line":106,"column":50}},"55":{"start":{"line":108,"column":17},"end":{"line":108,"column":49}},"56":{"start":{"line":110,"column":4},"end":{"line":112,"column":5}},"57":{"start":{"line":111,"column":6},"end":{"line":111,"column":60}},"58":{"start":{"line":114,"column":4},"end":{"line":114,"column":34}},"59":{"start":{"line":114,"column":15},"end":{"line":114,"column":34}},"60":{"start":{"line":115,"column":4},"end":{"line":115,"column":43}},"61":{"start":{"line":115,"column":18},"end":{"line":115,"column":43}},"62":{"start":{"line":116,"column":4},"end":{"line":116,"column":57}},"63":{"start":{"line":116,"column":18},"end":{"line":116,"column":57}},"64":{"start":{"line":118,"column":4},"end":{"line":118,"column":22}},"65":{"start":{"line":120,"column":19},"end":{"line":120,"column":32}},"66":{"start":{"line":121,"column":4},"end":{"line":121,"column":27}},"67":{"start":{"line":123,"column":4},"end":{"line":126,"column":7}},"68":{"start":{"line":128,"column":4},"end":{"line":128,"column":14}},"69":{"start":{"line":134,"column":0},"end":{"line":153,"column":3}},"70":{"start":{"line":135,"column":2},"end":{"line":152,"column":3}},"71":{"start":{"line":136,"column":28},"end":{"line":136,"column":37}},"72":{"start":{"line":137,"column":21},"end":{"line":145,"column":5}},"73":{"start":{"line":146,"column":23},"end":{"line":146,"column":36}},"74":{"start":{"line":148,"column":4},"end":{"line":148,"column":25}},"75":{"start":{"line":150,"column":4},"end":{"line":150,"column":75}},"76":{"start":{"line":151,"column":4},"end":{"line":151,"column":66}},"77":{"start":{"line":155,"column":0},"end":{"line":171,"column":3}},"78":{"start":{"line":156,"column":17},"end":{"line":156,"column":27}},"79":{"start":{"line":157,"column":2},"end":{"line":170,"column":3}},"80":{"start":{"line":158,"column":21},"end":{"line":160,"column":5}},"81":{"start":{"line":161,"column":22},"end":{"line":161,"column":35}},"82":{"start":{"line":163,"column":4},"end":{"line":163,"column":24}},"83":{"start":{"line":165,"column":4},"end":{"line":168,"column":6}},"84":{"start":{"line":169,"column":4},"end":{"line":169,"column":65}},"85":{"start":{"line":173,"column":0},"end":{"line":189,"column":3}},"86":{"start":{"line":174,"column":2},"end":{"line":188,"column":3}},"87":{"start":{"line":175,"column":28},"end":{"line":175,"column":37}},"88":{"start":{"line":176,"column":21},"end":{"line":181,"column":6}},"89":{"start":{"line":182,"column":23},"end":{"line":182,"column":36}},"90":{"start":{"line":184,"column":4},"end":{"line":184,"column":25}},"91":{"start":{"line":186,"column":4},"end":{"line":186,"column":75}},"92":{"start":{"line":187,"column":4},"end":{"line":187,"column":63}},"93":{"start":{"line":191,"column":0},"end":{"line":207,"column":3}},"94":{"start":{"line":192,"column":17},"end":{"line":192,"column":27}},"95":{"start":{"line":193,"column":2},"end":{"line":206,"column":3}},"96":{"start":{"line":194,"column":21},"end":{"line":196,"column":5}},"97":{"start":{"line":197,"column":22},"end":{"line":197,"column":35}},"98":{"start":{"line":199,"column":4},"end":{"line":199,"column":24}},"99":{"start":{"line":201,"column":4},"end":{"line":204,"column":6}},"100":{"start":{"line":205,"column":4},"end":{"line":205,"column":63}},"101":{"start":{"line":209,"column":0},"end":{"line":221,"column":3}},"102":{"start":{"line":210,"column":2},"end":{"line":220,"column":3}},"103":{"start":{"line":211,"column":21},"end":{"line":213,"column":5}},"104":{"start":{"line":214,"column":23},"end":{"line":214,"column":36}},"105":{"start":{"line":216,"column":4},"end":{"line":216,"column":25}},"106":{"start":{"line":218,"column":4},"end":{"line":218,"column":75}},"107":{"start":{"line":219,"column":4},"end":{"line":219,"column":71}},"108":{"start":{"line":223,"column":0},"end":{"line":239,"column":3}},"109":{"start":{"line":224,"column":17},"end":{"line":224,"column":27}},"110":{"start":{"line":225,"column":2},"end":{"line":238,"column":3}},"111":{"start":{"line":226,"column":21},"end":{"line":228,"column":5}},"112":{"start":{"line":229,"column":22},"end":{"line":229,"column":35}},"113":{"start":{"line":231,"column":4},"end":{"line":231,"column":24}},"114":{"start":{"line":233,"column":4},"end":{"line":236,"column":6}},"115":{"start":{"line":237,"column":4},"end":{"line":237,"column":71}},"116":{"start":{"line":242,"column":0},"end":{"line":242,"column":22}},"117":{"start":{"line":244,"column":0},"end":{"line":244,"column":21}}},"fnMap":{"0":{"name":"(anonymous_0)","decl":{"start":{"line":19,"column":19},"end":{"line":19,"column":20}},"loc":{"start":{"line":19,"column":45},"end":{"line":57,"column":1}},"line":19},"1":{"name":"(anonymous_1)","decl":{"start":{"line":59,"column":22},"end":{"line":59,"column":23}},"loc":{"start":{"line":59,"column":48},"end":{"line":84,"column":1}},"line":59},"2":{"name":"(anonymous_2)","decl":{"start":{"line":86,"column":50},"end":{"line":86,"column":51}},"loc":{"start":{"line":86,"column":76},"end":{"line":102,"column":1}},"line":86},"3":{"name":"(anonymous_3)","decl":{"start":{"line":104,"column":41},"end":{"line":104,"column":42}},"loc":{"start":{"line":104,"column":67},"end":{"line":130,"column":1}},"line":104},"4":{"name":"(anonymous_4)","decl":{"start":{"line":134,"column":39},"end":{"line":134,"column":40}},"loc":{"start":{"line":134,"column":59},"end":{"line":153,"column":1}},"line":134},"5":{"name":"(anonymous_5)","decl":{"start":{"line":155,"column":43},"end":{"line":155,"column":44}},"loc":{"start":{"line":155,"column":63},"end":{"line":171,"column":1}},"line":155},"6":{"name":"(anonymous_6)","decl":{"start":{"line":173,"column":36},"end":{"line":173,"column":37}},"loc":{"start":{"line":173,"column":56},"end":{"line":189,"column":1}},"line":173},"7":{"name":"(anonymous_7)","decl":{"start":{"line":191,"column":40},"end":{"line":191,"column":41}},"loc":{"start":{"line":191,"column":60},"end":{"line":207,"column":1}},"line":191},"8":{"name":"(anonymous_8)","decl":{"start":{"line":209,"column":44},"end":{"line":209,"column":45}},"loc":{"start":{"line":209,"column":64},"end":{"line":221,"column":1}},"line":209},"9":{"name":"(anonymous_9)","decl":{"start":{"line":223,"column":48},"end":{"line":223,"column":49}},"loc":{"start":{"line":223,"column":68},"end":{"line":239,"column":1}},"line":223}},"branchMap":{"0":{"loc":{"start":{"line":1,"column":0},"end":{"line":3,"column":1}},"type":"if","locations":[{"start":{"line":1,"column":0},"end":{"line":3,"column":1}},{"start":{},"end":{}}],"line":1},"1":{"loc":{"start":{"line":23,"column":4},"end":{"line":25,"column":5}},"type":"if","locations":[{"start":{"line":23,"column":4},"end":{"line":25,"column":5}},{"start":{},"end":{}}],"line":23},"2":{"loc":{"start":{"line":26,"column":4},"end":{"line":28,"column":5}},"type":"if","locations":[{"start":{"line":26,"column":4},"end":{"line":28,"column":5}},{"start":{},"end":{}}],"line":26},"3":{"loc":{"start":{"line":36,"column":4},"end":{"line":38,"column":5}},"type":"if","locations":[{"start":{"line":36,"column":4},"end":{"line":38,"column":5}},{"start":{},"end":{}}],"line":36},"4":{"loc":{"start":{"line":41,"column":4},"end":{"line":43,"column":5}},"type":"if","locations":[{"start":{"line":41,"column":4},"end":{"line":43,"column":5}},{"start":{},"end":{}}],"line":41},"5":{"loc":{"start":{"line":63,"column":4},"end":{"line":65,"column":5}},"type":"if","locations":[{"start":{"line":63,"column":4},"end":{"line":65,"column":5}},{"start":{},"end":{}}],"line":63},"6":{"loc":{"start":{"line":66,"column":4},"end":{"line":68,"column":5}},"type":"if","locations":[{"start":{"line":66,"column":4},"end":{"line":68,"column":5}},{"start":{},"end":{}}],"line":66},"7":{"loc":{"start":{"line":69,"column":4},"end":{"line":71,"column":5}},"type":"if","locations":[{"start":{"line":69,"column":4},"end":{"line":71,"column":5}},{"start":{},"end":{}}],"line":69},"8":{"loc":{"start":{"line":92,"column":4},"end":{"line":94,"column":5}},"type":"if","locations":[{"start":{"line":92,"column":4},"end":{"line":94,"column":5}},{"start":{},"end":{}}],"line":92},"9":{"loc":{"start":{"line":110,"column":4},"end":{"line":112,"column":5}},"type":"if","locations":[{"start":{"line":110,"column":4},"end":{"line":112,"column":5}},{"start":{},"end":{}}],"line":110},"10":{"loc":{"start":{"line":114,"column":4},"end":{"line":114,"column":34}},"type":"if","locations":[{"start":{"line":114,"column":4},"end":{"line":114,"column":34}},{"start":{},"end":{}}],"line":114},"11":{"loc":{"start":{"line":115,"column":4},"end":{"line":115,"column":43}},"type":"if","locations":[{"start":{"line":115,"column":4},"end":{"line":115,"column":43}},{"start":{},"end":{}}],"line":115},"12":{"loc":{"start":{"line":116,"column":4},"end":{"line":116,"column":57}},"type":"if","locations":[{"start":{"line":116,"column":4},"end":{"line":116,"column":57}},{"start":{},"end":{}}],"line":116}},"s":{"0":3,"1":3,"2":3,"3":3,"4":3,"5":3,"6":3,"7":3,"8":3,"9":3,"10":3,"11":3,"12":3,"13":3,"14":5,"15":5,"16":5,"17":1,"18":4,"19":1,"20":3,"21":3,"22":1,"23":2,"24":2,"25":1,"26":1,"27":1,"28":4,"29":3,"30":5,"31":5,"32":5,"33":1,"34":4,"35":1,"36":3,"37":1,"38":2,"39":1,"40":1,"41":1,"42":4,"43":3,"44":2,"45":2,"46":2,"47":2,"48":1,"49":1,"50":1,"51":1,"52":3,"53":3,"54":3,"55":3,"56":2,"57":1,"58":1,"59":1,"60":1,"61":1,"62":1,"63":1,"64":1,"65":1,"66":1,"67":1,"68":2,"69":3,"70":2,"71":2,"72":2,"73":1,"74":1,"75":1,"76":1,"77":3,"78":2,"79":2,"80":2,"81":1,"82":1,"83":1,"84":1,"85":3,"86":2,"87":2,"88":2,"89":1,"90":1,"91":1,"92":1,"93":3,"94":2,"95":2,"96":2,"97":1,"98":1,"99":1,"100":1,"101":3,"102":2,"103":2,"104":1,"105":1,"106":1,"107":1,"108":3,"109":2,"110":2,"111":2,"112":1,"113":1,"114":1,"115":1,"116":3,"117":3},"f":{"0":5,"1":5,"2":2,"3":3,"4":2,"5":2,"6":2,"7":2,"8":2,"9":2},"b":{"0":[3,0],"1":[1,4],"2":[1,3],"3":[1,2],"4":[1,1],"5":[1,4],"6":[1,3],"7":[1,2],"8":[1,1],"9":[1,1],"10":[1,0],"11":[1,0],"12":[1,0]},"_coverageSchema":"1a1c01bbd47fc00a2c39e90264f33305004495a9","hash":"10197a550a00fa63dc8ac10d2280a4f8a6ac7f1b"}
,"C:\\Users\\Thufail\\Documents\\Hacktiv8\\p2\\IP\\IP-HCK82\\server folder\\helpers\\bcrypt.js": {"path":"C:\\Users\\Thufail\\Documents\\Hacktiv8\\p2\\IP\\IP-HCK82\\server folder\\helpers\\bcrypt.js","statementMap":{"0":{"start":{"line":1,"column":15},"end":{"line":1,"column":34}},"1":{"start":{"line":2,"column":21},"end":{"line":5,"column":1}},"2":{"start":{"line":3,"column":15},"end":{"line":3,"column":37}},"3":{"start":{"line":4,"column":2},"end":{"line":4,"column":40}},"4":{"start":{"line":7,"column":24},"end":{"line":9,"column":1}},"5":{"start":{"line":8,"column":2},"end":{"line":8,"column":53}},"6":{"start":{"line":11,"column":0},"end":{"line":14,"column":1}}},"fnMap":{"0":{"name":"(anonymous_0)","decl":{"start":{"line":2,"column":21},"end":{"line":2,"column":22}},"loc":{"start":{"line":2,"column":35},"end":{"line":5,"column":1}},"line":2},"1":{"name":"(anonymous_1)","decl":{"start":{"line":7,"column":24},"end":{"line":7,"column":25}},"loc":{"start":{"line":7,"column":54},"end":{"line":9,"column":1}},"line":7}},"branchMap":{},"s":{"0":1,"1":1,"2":2,"3":2,"4":1,"5":2,"6":1},"f":{"0":2,"1":2},"b":{},"_coverageSchema":"1a1c01bbd47fc00a2c39e90264f33305004495a9","hash":"5b65cb21fc987678cbc0912b6db6d97e3f2cec34"}
,"C:\\Users\\Thufail\\Documents\\Hacktiv8\\p2\\IP\\IP-HCK82\\server folder\\middlewares\\errorHandler.js": {"path":"C:\\Users\\Thufail\\Documents\\Hacktiv8\\p2\\IP\\IP-HCK82\\server folder\\middlewares\\errorHandler.js","statementMap":{"0":{"start":{"line":8,"column":4},"end":{"line":10,"column":5}},"1":{"start":{"line":9,"column":8},"end":{"line":9,"column":71}},"2":{"start":{"line":12,"column":4},"end":{"line":14,"column":5}},"3":{"start":{"line":13,"column":8},"end":{"line":13,"column":61}},"4":{"start":{"line":16,"column":4},"end":{"line":18,"column":5}},"5":{"start":{"line":17,"column":8},"end":{"line":17,"column":61}},"6":{"start":{"line":20,"column":4},"end":{"line":22,"column":5}},"7":{"start":{"line":21,"column":8},"end":{"line":21,"column":65}},"8":{"start":{"line":24,"column":4},"end":{"line":26,"column":5}},"9":{"start":{"line":25,"column":8},"end":{"line":25,"column":61}},"10":{"start":{"line":28,"column":4},"end":{"line":30,"column":5}},"11":{"start":{"line":29,"column":8},"end":{"line":29,"column":60}},"12":{"start":{"line":32,"column":4},"end":{"line":32,"column":62}},"13":{"start":{"line":36,"column":0},"end":{"line":36,"column":29}}},"fnMap":{"0":{"name":"errorHandler","decl":{"start":{"line":1,"column":9},"end":{"line":1,"column":21}},"loc":{"start":{"line":1,"column":43},"end":{"line":34,"column":1}},"line":1}},"branchMap":{"0":{"loc":{"start":{"line":8,"column":4},"end":{"line":10,"column":5}},"type":"if","locations":[{"start":{"line":8,"column":4},"end":{"line":10,"column":5}},{"start":{},"end":{}}],"line":8},"1":{"loc":{"start":{"line":8,"column":8},"end":{"line":8,"column":96}},"type":"binary-expr","locations":[{"start":{"line":8,"column":8},"end":{"line":8,"column":47}},{"start":{"line":8,"column":51},"end":{"line":8,"column":96}}],"line":8},"2":{"loc":{"start":{"line":12,"column":4},"end":{"line":14,"column":5}},"type":"if","locations":[{"start":{"line":12,"column":4},"end":{"line":14,"column":5}},{"start":{},"end":{}}],"line":12},"3":{"loc":{"start":{"line":16,"column":4},"end":{"line":18,"column":5}},"type":"if","locations":[{"start":{"line":16,"column":4},"end":{"line":18,"column":5}},{"start":{},"end":{}}],"line":16},"4":{"loc":{"start":{"line":20,"column":4},"end":{"line":22,"column":5}},"type":"if","locations":[{"start":{"line":20,"column":4},"end":{"line":22,"column":5}},{"start":{},"end":{}}],"line":20},"5":{"loc":{"start":{"line":24,"column":4},"end":{"line":26,"column":5}},"type":"if","locations":[{"start":{"line":24,"column":4},"end":{"line":26,"column":5}},{"start":{},"end":{}}],"line":24},"6":{"loc":{"start":{"line":28,"column":4},"end":{"line":30,"column":5}},"type":"if","locations":[{"start":{"line":28,"column":4},"end":{"line":30,"column":5}},{"start":{},"end":{}}],"line":28}},"s":{"0":11,"1":0,"2":11,"3":5,"4":6,"5":2,"6":4,"7":0,"8":4,"9":0,"10":4,"11":2,"12":2,"13":3},"f":{"0":11},"b":{"0":[0,11],"1":[11,11],"2":[5,6],"3":[2,4],"4":[0,4],"5":[0,4],"6":[2,2]},"_coverageSchema":"1a1c01bbd47fc00a2c39e90264f33305004495a9","hash":"65ac6278b597953e6e1b5ed7528eb40b9e379054"}
,"C:\\Users\\Thufail\\Documents\\Hacktiv8\\p2\\IP\\IP-HCK82\\server folder\\models\\index.js": {"path":"C:\\Users\\Thufail\\Documents\\Hacktiv8\\p2\\IP\\IP-HCK82\\server folder\\models\\index.js","statementMap":{"0":{"start":{"line":3,"column":11},"end":{"line":3,"column":24}},"1":{"start":{"line":4,"column":13},"end":{"line":4,"column":28}},"2":{"start":{"line":5,"column":18},"end":{"line":5,"column":38}},"3":{"start":{"line":6,"column":16},"end":{"line":6,"column":34}},"4":{"start":{"line":7,"column":17},"end":{"line":7,"column":42}},"5":{"start":{"line":8,"column":12},"end":{"line":8,"column":49}},"6":{"start":{"line":9,"column":15},"end":{"line":9,"column":65}},"7":{"start":{"line":10,"column":11},"end":{"line":10,"column":13}},"8":{"start":{"line":13,"column":0},"end":{"line":17,"column":1}},"9":{"start":{"line":14,"column":2},"end":{"line":14,"column":74}},"10":{"start":{"line":16,"column":2},"end":{"line":16,"column":87}},"11":{"start":{"line":19,"column":0},"end":{"line":32,"column":5}},"12":{"start":{"line":22,"column":4},"end":{"line":27,"column":6}},"13":{"start":{"line":30,"column":18},"end":{"line":30,"column":85}},"14":{"start":{"line":31,"column":4},"end":{"line":31,"column":27}},"15":{"start":{"line":34,"column":0},"end":{"line":38,"column":3}},"16":{"start":{"line":35,"column":2},"end":{"line":37,"column":3}},"17":{"start":{"line":36,"column":4},"end":{"line":36,"column":32}},"18":{"start":{"line":40,"column":0},"end":{"line":40,"column":25}},"19":{"start":{"line":41,"column":0},"end":{"line":41,"column":25}},"20":{"start":{"line":43,"column":0},"end":{"line":43,"column":20}}},"fnMap":{"0":{"name":"(anonymous_0)","decl":{"start":{"line":21,"column":10},"end":{"line":21,"column":11}},"loc":{"start":{"line":21,"column":18},"end":{"line":28,"column":3}},"line":21},"1":{"name":"(anonymous_1)","decl":{"start":{"line":29,"column":11},"end":{"line":29,"column":12}},"loc":{"start":{"line":29,"column":19},"end":{"line":32,"column":3}},"line":29},"2":{"name":"(anonymous_2)","decl":{"start":{"line":34,"column":24},"end":{"line":34,"column":25}},"loc":{"start":{"line":34,"column":37},"end":{"line":38,"column":1}},"line":34}},"branchMap":{"0":{"loc":{"start":{"line":8,"column":12},"end":{"line":8,"column":49}},"type":"binary-expr","locations":[{"start":{"line":8,"column":12},"end":{"line":8,"column":32}},{"start":{"line":8,"column":36},"end":{"line":8,"column":49}}],"line":8},"1":{"loc":{"start":{"line":13,"column":0},"end":{"line":17,"column":1}},"type":"if","locations":[{"start":{"line":13,"column":0},"end":{"line":17,"column":1}},{"start":{"line":15,"column":7},"end":{"line":17,"column":1}}],"line":13},"2":{"loc":{"start":{"line":23,"column":6},"end":{"line":26,"column":37}},"type":"binary-expr","locations":[{"start":{"line":23,"column":6},"end":{"line":23,"column":29}},{"start":{"line":24,"column":6},"end":{"line":24,"column":23}},{"start":{"line":25,"column":6},"end":{"line":25,"column":30}},{"start":{"line":26,"column":6},"end":{"line":26,"column":37}}],"line":23},"3":{"loc":{"start":{"line":35,"column":2},"end":{"line":37,"column":3}},"type":"if","locations":[{"start":{"line":35,"column":2},"end":{"line":37,"column":3}},{"start":{},"end":{}}],"line":35}},"s":{"0":1,"1":1,"2":1,"3":1,"4":1,"5":1,"6":1,"7":1,"8":1,"9":0,"10":1,"11":1,"12":2,"13":1,"14":1,"15":1,"16":1,"17":1,"18":1,"19":1,"20":1},"f":{"0":2,"1":1,"2":1},"b":{"0":[1,0],"1":[0,1],"2":[2,2,1,1],"3":[1,0]},"_coverageSchema":"1a1c01bbd47fc00a2c39e90264f33305004495a9","hash":"a56b986df0dfe8cfa6505e9aa51ee071d0f74708"}
,"C:\\Users\\Thufail\\Documents\\Hacktiv8\\p2\\IP\\IP-HCK82\\server folder\\models\\user.js": {"path":"C:\\Users\\Thufail\\Documents\\Hacktiv8\\p2\\IP\\IP-HCK82\\server folder\\models\\user.js","statementMap":{"0":{"start":{"line":4,"column":4},"end":{"line":4,"column":24}},"1":{"start":{"line":5,"column":25},"end":{"line":5,"column":53}},"2":{"start":{"line":6,"column":0},"end":{"line":82,"column":2}},"3":{"start":{"line":17,"column":2},"end":{"line":77,"column":5}},"4":{"start":{"line":78,"column":2},"end":{"line":80,"column":4}},"5":{"start":{"line":79,"column":4},"end":{"line":79,"column":47}},"6":{"start":{"line":81,"column":2},"end":{"line":81,"column":14}}},"fnMap":{"0":{"name":"(anonymous_0)","decl":{"start":{"line":6,"column":17},"end":{"line":6,"column":18}},"loc":{"start":{"line":6,"column":43},"end":{"line":82,"column":1}},"line":6},"1":{"name":"(anonymous_1)","decl":{"start":{"line":13,"column":4},"end":{"line":13,"column":5}},"loc":{"start":{"line":13,"column":29},"end":{"line":15,"column":5}},"line":13},"2":{"name":"(anonymous_2)","decl":{"start":{"line":78,"column":20},"end":{"line":78,"column":21}},"loc":{"start":{"line":78,"column":30},"end":{"line":80,"column":3}},"line":78}},"branchMap":{},"s":{"0":1,"1":1,"2":1,"3":1,"4":1,"5":0,"6":1},"f":{"0":1,"1":1,"2":0},"b":{},"_coverageSchema":"1a1c01bbd47fc00a2c39e90264f33305004495a9","hash":"95846f8ee43897af5ce4a151ee3bd41e5b4f83e1"}
}
