TN:
SF:app.js
FN:27,(anonymous_0)
FN:67,(anonymous_1)
FN:101,(anonymous_2)
FN:129,(anonymous_3)
FN:145,(anonymous_4)
FN:163,(anonymous_5)
FN:196,(anonymous_6)
FN:240,(anonymous_7)
FN:261,(anonymous_8)
FN:279,(anonymous_9)
FN:297,(anonymous_10)
FN:315,(anonymous_11)
FN:329,(anonymous_12)
FNF:13
FNH:12
FNDA:9,(anonymous_0)
FNDA:1,(anonymous_1)
FNDA:9,(anonymous_2)
FNDA:0,(anonymous_3)
FNDA:4,(anonymous_4)
FNDA:4,(anonymous_5)
FNDA:7,(anonymous_6)
FNDA:2,(anonymous_7)
FNDA:2,(anonymous_8)
FNDA:2,(anonymous_9)
FNDA:2,(anonymous_10)
FNDA:2,(anonymous_11)
FNDA:2,(anonymous_12)
DA:1,3
DA:2,3
DA:4,3
DA:5,3
DA:6,3
DA:7,3
DA:8,3
DA:9,3
DA:10,3
DA:11,3
DA:12,3
DA:13,3
DA:14,3
DA:15,3
DA:16,3
DA:17,3
DA:18,3
DA:20,3
DA:21,3
DA:23,3
DA:24,3
DA:27,3
DA:28,9
DA:29,9
DA:31,9
DA:32,2
DA:34,7
DA:35,2
DA:38,5
DA:44,5
DA:45,2
DA:48,3
DA:49,3
DA:50,2
DA:53,1
DA:59,1
DA:63,8
DA:67,3
DA:68,1
DA:69,1
DA:70,1
DA:74,1
DA:75,1
DA:81,1
DA:82,1
DA:89,1
DA:93,0
DA:97,1
DA:101,3
DA:102,9
DA:103,9
DA:105,9
DA:106,2
DA:108,7
DA:109,2
DA:111,5
DA:112,3
DA:114,2
DA:120,1
DA:121,1
DA:123,1
DA:125,8
DA:129,3
DA:130,0
DA:131,0
DA:135,0
DA:136,0
DA:139,0
DA:141,0
DA:145,3
DA:146,4
DA:147,4
DA:149,4
DA:151,2
DA:152,1
DA:155,1
DA:157,1
DA:159,3
DA:163,3
DA:164,4
DA:165,4
DA:167,4
DA:168,1
DA:171,3
DA:173,2
DA:174,1
DA:177,1
DA:178,1
DA:179,1
DA:181,1
DA:183,1
DA:184,1
DA:186,1
DA:191,3
DA:196,3
DA:197,7
DA:199,7
DA:201,7
DA:202,2
DA:206,5
DA:214,5
DA:222,2
DA:223,2
DA:224,1
DA:225,1
DA:229,2
DA:230,1
DA:233,1
DA:235,2
DA:236,2
DA:240,3
DA:241,2
DA:242,2
DA:243,2
DA:252,1
DA:254,1
DA:256,1
DA:257,1
DA:261,3
DA:262,2
DA:263,2
DA:264,2
DA:267,1
DA:269,1
DA:271,1
DA:275,1
DA:279,3
DA:280,2
DA:281,2
DA:282,2
DA:288,1
DA:290,1
DA:292,1
DA:293,1
DA:297,3
DA:298,2
DA:299,2
DA:300,2
DA:303,1
DA:305,1
DA:307,1
DA:311,1
DA:315,3
DA:316,2
DA:317,2
DA:320,1
DA:322,1
DA:324,1
DA:325,1
DA:329,3
DA:330,2
DA:331,2
DA:332,2
DA:335,1
DA:337,1
DA:339,1
DA:343,1
DA:348,3
DA:350,3
LF:159
LH:152
BRDA:1,0,0,3
BRDA:1,0,1,0
BRDA:31,1,0,2
BRDA:31,1,1,7
BRDA:34,2,0,2
BRDA:34,2,1,5
BRDA:44,3,0,2
BRDA:44,3,1,3
BRDA:49,4,0,2
BRDA:49,4,1,1
BRDA:81,5,0,1
BRDA:81,5,1,0
BRDA:105,6,0,2
BRDA:105,6,1,7
BRDA:108,7,0,2
BRDA:108,7,1,5
BRDA:111,8,0,3
BRDA:111,8,1,2
BRDA:135,9,0,0
BRDA:135,9,1,0
BRDA:151,10,0,1
BRDA:151,10,1,1
BRDA:167,11,0,1
BRDA:167,11,1,3
BRDA:167,12,0,4
BRDA:167,12,1,1
BRDA:167,12,2,1
BRDA:173,13,0,1
BRDA:173,13,1,1
BRDA:177,14,0,1
BRDA:177,14,1,0
BRDA:178,15,0,1
BRDA:178,15,1,0
BRDA:179,16,0,1
BRDA:179,16,1,0
BRDA:201,17,0,2
BRDA:201,17,1,5
BRDA:201,18,0,7
BRDA:201,18,1,7
BRDA:224,19,0,1
BRDA:224,19,1,0
BRDA:229,20,0,1
BRDA:229,20,1,1
BRF:43
BRH:35
end_of_record
TN:
SF:helpers\bcrypt.js
FN:2,(anonymous_0)
FN:7,(anonymous_1)
FNF:2
FNH:2
FNDA:2,(anonymous_0)
FNDA:3,(anonymous_1)
DA:1,6
DA:2,6
DA:3,2
DA:4,2
DA:7,6
DA:8,3
DA:11,6
LF:7
LH:7
BRF:0
BRH:0
end_of_record
TN:
SF:helpers\jwt.js
FN:9,signToken
FN:15,verifyToken
FNF:2
FNH:2
FNDA:1,signToken
FNDA:2,verifyToken
DA:1,4
DA:5,4
DA:10,1
DA:16,2
DA:19,4
LF:5
LH:5
BRF:0
BRH:0
end_of_record
TN:
SF:middlewares\authentication.js
FN:4,authentication
FNF:1
FNH:1
FNDA:6,authentication
DA:1,2
DA:2,2
DA:5,6
DA:6,6
DA:8,6
DA:9,2
DA:12,4
DA:13,4
DA:14,4
DA:16,4
DA:17,1
DA:20,3
DA:21,2
DA:23,2
DA:24,1
DA:27,1
DA:34,1
DA:36,5
DA:40,2
LF:19
LH:19
BRDA:8,0,0,2
BRDA:8,0,1,4
BRDA:16,1,0,1
BRDA:16,1,1,3
BRDA:16,2,0,4
BRDA:16,2,1,3
BRDA:23,3,0,1
BRDA:23,3,1,1
BRF:8
BRH:8
end_of_record
TN:
SF:middlewares\authorization.js
FN:1,isAdmin
FNF:1
FNH:1
FNDA:2,isAdmin
DA:2,2
DA:3,2
DA:4,1
DA:6,1
DA:9,1
DA:13,2
LF:6
LH:6
BRDA:3,0,0,1
BRDA:3,0,1,1
BRF:2
BRH:2
end_of_record
TN:
SF:middlewares\errorHandler.js
FN:1,errorHandler
FNF:1
FNH:1
FNDA:30,errorHandler
DA:8,30
DA:9,1
DA:12,29
DA:13,13
DA:16,16
DA:17,6
DA:20,10
DA:21,0
DA:24,10
DA:25,1
DA:28,9
DA:29,3
DA:32,6
DA:36,4
LF:14
LH:13
BRDA:8,0,0,1
BRDA:8,0,1,29
BRDA:8,1,0,30
BRDA:8,1,1,29
BRDA:12,2,0,13
BRDA:12,2,1,16
BRDA:16,3,0,6
BRDA:16,3,1,10
BRDA:20,4,0,0
BRDA:20,4,1,10
BRDA:24,5,0,1
BRDA:24,5,1,9
BRDA:28,6,0,3
BRDA:28,6,1,6
BRF:14
BRH:13
end_of_record
TN:
SF:models\index.js
FN:21,(anonymous_0)
FN:29,(anonymous_1)
FN:34,(anonymous_2)
FNF:3
FNH:3
FNDA:8,(anonymous_0)
FNDA:4,(anonymous_1)
FNDA:4,(anonymous_2)
DA:3,4
DA:4,4
DA:5,4
DA:6,4
DA:7,4
DA:8,4
DA:9,4
DA:10,4
DA:13,4
DA:14,0
DA:16,4
DA:19,4
DA:22,8
DA:30,4
DA:31,4
DA:34,4
DA:35,4
DA:36,4
DA:40,4
DA:41,4
DA:43,4
LF:21
LH:20
BRDA:8,0,0,4
BRDA:8,0,1,0
BRDA:13,1,0,0
BRDA:13,1,1,4
BRDA:23,2,0,8
BRDA:23,2,1,8
BRDA:23,2,2,4
BRDA:23,2,3,4
BRDA:35,3,0,4
BRDA:35,3,1,0
BRF:10
BRH:7
end_of_record
TN:
SF:models\user.js
FN:6,(anonymous_0)
FN:13,(anonymous_1)
FN:78,(anonymous_2)
FNF:3
FNH:2
FNDA:4,(anonymous_0)
FNDA:4,(anonymous_1)
FNDA:0,(anonymous_2)
DA:4,4
DA:5,4
DA:6,4
DA:17,4
DA:78,4
DA:79,0
DA:81,4
LF:7
LH:6
BRF:0
BRH:0
end_of_record
