TN:
SF:app.js
FN:19,(anonymous_0)
FN:59,(anonymous_1)
FN:86,(anonymous_2)
FN:104,(anonymous_3)
FN:134,(anonymous_4)
FN:155,(anonymous_5)
FN:173,(anonymous_6)
FN:191,(anonymous_7)
FN:209,(anonymous_8)
FN:223,(anonymous_9)
FNF:10
FNH:10
FNDA:5,(anonymous_0)
FNDA:5,(anonymous_1)
FNDA:2,(anonymous_2)
FNDA:3,(anonymous_3)
FNDA:2,(anonymous_4)
FNDA:2,(anonymous_5)
FNDA:2,(anonymous_6)
FNDA:2,(anonymous_7)
FNDA:2,(anonymous_8)
FNDA:2,(anonymous_9)
DA:1,3
DA:2,3
DA:4,3
DA:5,3
DA:6,3
DA:7,3
DA:8,3
DA:9,3
DA:10,3
DA:11,3
DA:12,3
DA:15,3
DA:16,3
DA:19,3
DA:20,5
DA:21,5
DA:23,5
DA:24,1
DA:26,4
DA:27,1
DA:30,3
DA:36,3
DA:37,1
DA:40,2
DA:41,2
DA:42,1
DA:45,1
DA:51,1
DA:55,4
DA:59,3
DA:60,5
DA:61,5
DA:63,5
DA:64,1
DA:66,4
DA:67,1
DA:69,3
DA:70,1
DA:72,2
DA:77,1
DA:78,1
DA:80,1
DA:82,4
DA:86,3
DA:87,2
DA:88,2
DA:90,2
DA:92,2
DA:93,1
DA:96,1
DA:98,1
DA:100,1
DA:104,3
DA:105,3
DA:106,3
DA:108,3
DA:110,2
DA:111,1
DA:114,1
DA:115,1
DA:116,1
DA:118,1
DA:120,1
DA:121,1
DA:123,1
DA:128,2
DA:134,3
DA:135,2
DA:136,2
DA:137,2
DA:146,1
DA:148,1
DA:150,1
DA:151,1
DA:155,3
DA:156,2
DA:157,2
DA:158,2
DA:161,1
DA:163,1
DA:165,1
DA:169,1
DA:173,3
DA:174,2
DA:175,2
DA:176,2
DA:182,1
DA:184,1
DA:186,1
DA:187,1
DA:191,3
DA:192,2
DA:193,2
DA:194,2
DA:197,1
DA:199,1
DA:201,1
DA:205,1
DA:209,3
DA:210,2
DA:211,2
DA:214,1
DA:216,1
DA:218,1
DA:219,1
DA:223,3
DA:224,2
DA:225,2
DA:226,2
DA:229,1
DA:231,1
DA:233,1
DA:237,1
DA:242,3
DA:244,3
LF:115
LH:115
BRDA:1,0,0,3
BRDA:1,0,1,0
BRDA:23,1,0,1
BRDA:23,1,1,4
BRDA:26,2,0,1
BRDA:26,2,1,3
BRDA:36,3,0,1
BRDA:36,3,1,2
BRDA:41,4,0,1
BRDA:41,4,1,1
BRDA:63,5,0,1
BRDA:63,5,1,4
BRDA:66,6,0,1
BRDA:66,6,1,3
BRDA:69,7,0,1
BRDA:69,7,1,2
BRDA:92,8,0,1
BRDA:92,8,1,1
BRDA:110,9,0,1
BRDA:110,9,1,1
BRDA:114,10,0,1
BRDA:114,10,1,0
BRDA:115,11,0,1
BRDA:115,11,1,0
BRDA:116,12,0,1
BRDA:116,12,1,0
BRF:26
BRH:22
end_of_record
TN:
SF:helpers\bcrypt.js
FN:2,(anonymous_0)
FN:7,(anonymous_1)
FNF:2
FNH:2
FNDA:2,(anonymous_0)
FNDA:2,(anonymous_1)
DA:1,1
DA:2,1
DA:3,2
DA:4,2
DA:7,1
DA:8,2
DA:11,1
LF:7
LH:7
BRF:0
BRH:0
end_of_record
TN:
SF:middlewares\errorHandler.js
FN:1,errorHandler
FNF:1
FNH:1
FNDA:11,errorHandler
DA:8,11
DA:9,0
DA:12,11
DA:13,5
DA:16,6
DA:17,2
DA:20,4
DA:21,0
DA:24,4
DA:25,0
DA:28,4
DA:29,2
DA:32,2
DA:36,3
LF:14
LH:11
BRDA:8,0,0,0
BRDA:8,0,1,11
BRDA:8,1,0,11
BRDA:8,1,1,11
BRDA:12,2,0,5
BRDA:12,2,1,6
BRDA:16,3,0,2
BRDA:16,3,1,4
BRDA:20,4,0,0
BRDA:20,4,1,4
BRDA:24,5,0,0
BRDA:24,5,1,4
BRDA:28,6,0,2
BRDA:28,6,1,2
BRF:14
BRH:11
end_of_record
TN:
SF:models\index.js
FN:21,(anonymous_0)
FN:29,(anonymous_1)
FN:34,(anonymous_2)
FNF:3
FNH:3
FNDA:2,(anonymous_0)
FNDA:1,(anonymous_1)
FNDA:1,(anonymous_2)
DA:3,1
DA:4,1
DA:5,1
DA:6,1
DA:7,1
DA:8,1
DA:9,1
DA:10,1
DA:13,1
DA:14,0
DA:16,1
DA:19,1
DA:22,2
DA:30,1
DA:31,1
DA:34,1
DA:35,1
DA:36,1
DA:40,1
DA:41,1
DA:43,1
LF:21
LH:20
BRDA:8,0,0,1
BRDA:8,0,1,0
BRDA:13,1,0,0
BRDA:13,1,1,1
BRDA:23,2,0,2
BRDA:23,2,1,2
BRDA:23,2,2,1
BRDA:23,2,3,1
BRDA:35,3,0,1
BRDA:35,3,1,0
BRF:10
BRH:7
end_of_record
TN:
SF:models\user.js
FN:6,(anonymous_0)
FN:13,(anonymous_1)
FN:78,(anonymous_2)
FNF:3
FNH:2
FNDA:1,(anonymous_0)
FNDA:1,(anonymous_1)
FNDA:0,(anonymous_2)
DA:4,1
DA:5,1
DA:6,1
DA:17,1
DA:78,1
DA:79,0
DA:81,1
LF:7
LH:6
BRF:0
BRH:0
end_of_record
